100,Jennifer,King,Child,Steven,King,1
101,Johnny,Kochhar,Child,Neena,Kochhar,1
102,Bette,De Haan,Child,Lex,De Haan,1
103,Vivien,Hunold,Child,Alexander,Hunold,1
104,Cuba,Ernst,Child,Bruce,Ernst,1
105,Fred,Austin,Child,David,Austin,1
106,Helen,Pataballa,Child,Valli,Pataballa,1
107,Dan,Lorentz,Child,Diana,Lorentz,1
108,Karl,Greenberg,Child,Nancy,Greenberg,1
109,Grace,Faviet,Child,Daniel,Faviet,1
110,Matthew,Chen,Child,John,Chen,1
111,Joe,Sciarra,Child,Ismael,Sciarra,1
112,Christian,Urman,Child,Jose Manue,Urman,1
113,Zero,Popp,Child,Luis,Popp,1
114,Julia,Raphaely,Child,Den,Raphaely,1
115,Elvis,Khoo,Child,Alexander,Khoo,1
116,Sandra,Baida,Child,Shelli,Baida,1
117,Cameron,Tobias,Child,Sigal,Tobias,1
118,Kevin,Himuro,Child,Guy,Himuro,1
119,Rip,Colmenares,Child,Karen,Colmenares,1
145,Woody,Russell,Child,John,Russell,1
146,Alec,Partners,Child,Karen,Partners,1
176,Sandra,Taylor,Child,Jonathon,Taylor,1
200,Ed,Whalen,Child,Jennifer,Whalen,1
201,Bob,Hartstein,Child,Michael,Hartstein,1
202,Lucille,Fay,Child,Pat,Fay,1
203,Uma,Mavris,Child,Susan,Mavris,1
204,Kirsten,Baer,Child,Hermann,Baer,1
205,Nick,Higgins,Child,Shelley,Higgins,1
206,Penelope,Gietz,Child,William,Gietz,1
